[debug] [2018-05-30T11:21:25.440Z] ----------------------------------------------------------------------
[debug] [2018-05-30T11:21:25.442Z] Command:       C:\Program Files\nodejs\node.exe C:\Users\M1032535\AppData\Roaming\npm\node_modules\firebase-tools\bin\firebase deploy
[debug] [2018-05-30T11:21:25.443Z] CLI Version:   3.18.5
[debug] [2018-05-30T11:21:25.443Z] Platform:      win32
[debug] [2018-05-30T11:21:25.443Z] Node Version:  v8.9.4
[debug] [2018-05-30T11:21:25.445Z] Time:          Wed May 30 2018 16:51:25 GMT+0530 (India Standard Time)
[debug] [2018-05-30T11:21:25.445Z] ----------------------------------------------------------------------
[debug] 
[debug] [2018-05-30T11:21:25.463Z] > command requires scopes: ["email","openid","https://www.googleapis.com/auth/cloudplatformprojects.readonly","https://www.googleapis.com/auth/firebase","https://www.googleapis.com/auth/cloud-platform"]
[debug] [2018-05-30T11:21:25.463Z] > authorizing via signed-in user
[debug] [2018-05-30T11:21:25.465Z] > refreshing access token with scopes: ["email","https://www.googleapis.com/auth/cloud-platform","https://www.googleapis.com/auth/cloudplatformprojects.readonly","https://www.googleapis.com/auth/firebase","openid"]
[debug] [2018-05-30T11:21:25.465Z] >>> HTTP REQUEST POST https://www.googleapis.com/oauth2/v3/token  
 { refresh_token: '1/cfesPWb1UQhk7vzR0_WKqGJudaRhTmAfG4twa5lZoB4',
  client_id: '563584335869-fgrhgmd47bqnekij5i8b5pr03ho849e6.apps.googleusercontent.com',
  client_secret: 'j9iVZfS8kkCEFUPaAeJV0sAi',
  grant_type: 'refresh_token',
  scope: 'email https://www.googleapis.com/auth/cloud-platform https://www.googleapis.com/auth/cloudplatformprojects.readonly https://www.googleapis.com/auth/firebase openid' } 
 Wed May 30 2018 16:51:25 GMT+0530 (India Standard Time)
[info] 
[warn] !  Your CLI authentication needs to be updated to take advantage of new features.
[warn] !  Please run firebase login --reauth
[info] 
[debug] [2018-05-30T11:21:46.514Z] > command requires scopes: ["email","openid","https://www.googleapis.com/auth/cloudplatformprojects.readonly","https://www.googleapis.com/auth/firebase"]
[debug] [2018-05-30T11:21:46.535Z] > authorizing via signed-in user
[debug] [2018-05-30T11:21:46.535Z] > refreshing access token with scopes: ["email","https://www.googleapis.com/auth/cloudplatformprojects.readonly","https://www.googleapis.com/auth/firebase","openid"]
[debug] [2018-05-30T11:21:46.535Z] >>> HTTP REQUEST POST https://www.googleapis.com/oauth2/v3/token  
 { refresh_token: '1/cfesPWb1UQhk7vzR0_WKqGJudaRhTmAfG4twa5lZoB4',
  client_id: '563584335869-fgrhgmd47bqnekij5i8b5pr03ho849e6.apps.googleusercontent.com',
  client_secret: 'j9iVZfS8kkCEFUPaAeJV0sAi',
  grant_type: 'refresh_token',
  scope: 'email https://www.googleapis.com/auth/cloudplatformprojects.readonly https://www.googleapis.com/auth/firebase openid' } 
 Wed May 30 2018 16:51:46 GMT+0530 (India Standard Time)
